<?xml version="1.0" encoding="utf-8"?><testsuites><testsuite name="pytest" errors="0" failures="2" skipped="0" tests="3" time="7.765" timestamp="2024-04-16T16:25:10.910691" hostname="WX-CZC73977ZP"><testcase classname="tests.test_apiactionschange" name="test_postchangerequest" time="0.311" /><testcase classname="tests.test_apiactionschange" name="test_putchangerequest" time="0.204"><failure message="assert 404 == 204&#10; +  where 404 = &lt;Response [404]&gt;.status_code">api_changerequest = &lt;api_changerequest.Apichangerequest object at 0x0000020C43D61010&gt;

    def test_putchangerequest(api_changerequest):
         put_id = "1560fb89-30dc-4fad-bec6-5f5d2d7f5817"
         data = {
            "name": "string",
            "holderCuid": "string",
            "holderName": "string",
            "holderEmail": "string",
            "initiatorCuid": "string",
            "initiatorName": "string",
            "initiatorEmail": "string",
            "direction": "string",
            "startDate": "2024-04-05T09:13:11.514Z",
            "priority": "string",
            "targetClient": "string",
            "sendToART": True,
            "origin": "string",
            "goal": "string",
            "reason": "string",
            "description": "string",
            "workflowDefinitionId": "string",
            "workflowInstanceId": "string",
            "status": "string",
            "reference": 0,
            "validators": "string",
            "state": 10,
            "type": 0,
            "createdDate": "2024-04-05T09:13:11.514Z",
            "kpis": [
                {
                    "id": "3fa85f64-5717-4562-b3fc-2c963f66afa6",
                    "label": "string",
                    "frequency": "string",
                    "unit": "string"
                }
            ]
          }
    
         response = api_changerequest.put_changerequest(put_id,data)
&gt;        assert response.status_code == 204
E        assert 404 == 204
E         +  where 404 = &lt;Response [404]&gt;.status_code

tests\test_apiactionschange.py:91: AssertionError</failure></testcase><testcase classname="tests.test_apiactionschange" name="test_deletechangerequest" time="0.270"><failure message="assert 404 == 204&#10; +  where 404 = &lt;Response [404]&gt;.status_code">api_changerequest = &lt;api_changerequest.Apichangerequest object at 0x00000253FD2042D0&gt;

    def test_deletechangerequest(api_changerequest):
        request_id = "1742be55-09a8-4d1c-8550-bd1de152f686"
        response = api_changerequest.delete_changerequest(request_id)
&gt;       assert response.status_code == 204
E       assert 404 == 204
E        +  where 404 = &lt;Response [404]&gt;.status_code

tests\test_apiactionschange.py:98: AssertionError</failure></testcase></testsuite></testsuites>