<?xml version="1.0" encoding="utf-8"?><testsuites><testsuite name="pytest" errors="0" failures="0" skipped="0" tests="0" time="0.912" timestamp="2024-04-17T13:51:27.728796" hostname="WX-CZC73977ZP" /></testsuites>